Arguments: 
  C:\Program Files\nodejs\node.exe C:\Program Files (x86)\Yarn\bin\yarn.js add -D babel-loader @babel/core @babel/preset-env @babel/babel-plugin-proposal-class-properties

PATH: 
  C:\WINDOWS\system32;C:\WINDOWS;C:\WINDOWS\System32\Wbem;C:\WINDOWS\System32\WindowsPowerShell\v1.0\;C:\WINDOWS\System32\OpenSSH\;C:\Program Files\dotnet\;C:\Program Files\nodejs\;C:\ProgramData\chocolatey\bin;C:\Program Files\Microsoft SQL Server\130\Tools\Binn\;C:\Program Files\Microsoft SQL Server\Client SDK\ODBC\170\Tools\Binn\;C:\Program Files\Git\cmd;C:\PHP;C:\ProgramData\ComposerSetup\bin;C:\Program Files (x86)\Yarn\bin\;C:\Users\serjr\AppData\Local\Microsoft\WindowsApps;D:\Programs\PyCharm Community Edition 2019.3.2\bin;C:\Users\serjr\AppData\Roaming\npm;C:\Users\serjr\AppData\Local\GitHubDesktop\bin;C:\Program Files\JetBrains\PhpStorm 2020.1\bin;;C:\PHP;C:\Users\serjr\AppData\Roaming\Composer\vendor\bin;C:\Users\serjr\AppData\Local\Microsoft\WindowsApps;D:\Programs\Microsoft VS Code\bin;C:\Users\serjr\AppData\Local\Yarn\bin;D:\Programs\WebStorm 2020.1\bin;

Yarn version: 
  1.22.5

Node version: 
  12.14.1

Platform: 
  win32 x64

Trace: 
  Error: https://registry.yarnpkg.com/@babel%2fbabel-plugin-proposal-class-properties: Not found
      at Request.params.callback [as _callback] (C:\Program Files (x86)\Yarn\lib\cli.js:66097:18)
      at Request.self.callback (C:\Program Files (x86)\Yarn\lib\cli.js:140749:22)
      at Request.emit (events.js:223:5)
      at Request.<anonymous> (C:\Program Files (x86)\Yarn\lib\cli.js:141721:10)
      at Request.emit (events.js:223:5)
      at IncomingMessage.<anonymous> (C:\Program Files (x86)\Yarn\lib\cli.js:141643:12)
      at Object.onceWrapper (events.js:312:28)
      at IncomingMessage.emit (events.js:228:7)
      at endReadableNT (_stream_readable.js:1185:12)
      at processTicksAndRejections (internal/process/task_queues.js:81:21)

npm manifest: 
  {
    "name": "start-template",
    "version": "1.0.0",
    "description": "",
    "main": "index.js",
    "scripts": {
      "dev": "webpack serve --mode development",
      "build": "webpack --mode production"
    },
    "keywords": [],
    "author": "",
    "license": "ISC",
    "devDependencies": {
      "clean-webpack-plugin": "^3.0.0",
      "html-webpack-plugin": "^4.5.0",
      "webpack": "^5.6.0",
      "webpack-cli": "^4.2.0"
    }
  }

yarn manifest: 
  No manifest

Lockfile: 
  No lockfile
